0 info it worked if it ends with ok
1 verbose cli [ '/usr/local/bin/node', '/usr/local/bin/npm', 'start', 'app.js' ]
2 info using npm@3.10.3
3 info using node@v6.3.0
4 verbose run-script [ 'prestart', 'start', 'poststart' ]
5 info lifecycle Project3-Fitness@0.0.0~prestart: Project3-Fitness@0.0.0
6 silly lifecycle Project3-Fitness@0.0.0~prestart: no script for prestart, continuing
7 info lifecycle Project3-Fitness@0.0.0~start: Project3-Fitness@0.0.0
8 verbose lifecycle Project3-Fitness@0.0.0~start: unsafe-perm in lifecycle true
9 verbose lifecycle Project3-Fitness@0.0.0~start: PATH: /usr/local/lib/node_modules/npm/bin/node-gyp-bin:/Users/airbr/project3-fitness/node_modules/.bin:/usr/local/bin:/Users/airbr/.rbenv/bin:/Users/airbr/.rbenv/shims:/Library/Frameworks/Python.framework/Versions/2.7/bin:/Users/airbr/anaconda/bin:/Library/Frameworks/Python.framework/Versions/3.5/bin:/usr/local/bin:/bin:/sbin:/usr/bin:/usr/sbin:/Users/airbr/bin:/Applications/DevDesktop/tools
10 verbose lifecycle Project3-Fitness@0.0.0~start: CWD: /Users/airbr/project3-fitness
11 silly lifecycle Project3-Fitness@0.0.0~start: Args: [ '-c', 'node ./bin/www "app.js"' ]
12 silly lifecycle Project3-Fitness@0.0.0~start: Returned: code: 1  signal: null
13 info lifecycle Project3-Fitness@0.0.0~start: Failed to exec start script
14 verbose stack Error: Project3-Fitness@0.0.0 start: `node ./bin/www "app.js"`
14 verbose stack Exit status 1
14 verbose stack     at EventEmitter.<anonymous> (/usr/local/lib/node_modules/npm/lib/utils/lifecycle.js:242:16)
14 verbose stack     at emitTwo (events.js:106:13)
14 verbose stack     at EventEmitter.emit (events.js:191:7)
14 verbose stack     at ChildProcess.<anonymous> (/usr/local/lib/node_modules/npm/lib/utils/spawn.js:40:14)
14 verbose stack     at emitTwo (events.js:106:13)
14 verbose stack     at ChildProcess.emit (events.js:191:7)
14 verbose stack     at maybeClose (internal/child_process.js:852:16)
14 verbose stack     at Process.ChildProcess._handle.onexit (internal/child_process.js:215:5)
15 verbose pkgid Project3-Fitness@0.0.0
16 verbose cwd /Users/airbr/project3-fitness
17 error Darwin 15.6.0
18 error argv "/usr/local/bin/node" "/usr/local/bin/npm" "start" "app.js"
19 error node v6.3.0
20 error npm  v3.10.3
21 error code ELIFECYCLE
22 error Project3-Fitness@0.0.0 start: `node ./bin/www "app.js"`
22 error Exit status 1
23 error Failed at the Project3-Fitness@0.0.0 start script 'node ./bin/www "app.js"'.
23 error Make sure you have the latest version of node.js and npm installed.
23 error If you do, this is most likely a problem with the Project3-Fitness package,
23 error not with npm itself.
23 error Tell the author that this fails on your system:
23 error     node ./bin/www "app.js"
23 error You can get information on how to open an issue for this project with:
23 error     npm bugs Project3-Fitness
23 error Or if that isn't available, you can get their info via:
23 error     npm owner ls Project3-Fitness
23 error There is likely additional logging output above.
24 verbose exit [ 1, true ]
